<?xml version="1.0" encoding="UTF-8"?>
<!-- Generated by org.testng.reporters.JUnitXMLReporter -->
<testsuite ignored="0" hostname="DESKTOP-N9DIR8M" failures="0" tests="2" name="Default test" time="30.076" errors="0" timestamp="2025-08-21T12:43:48 IST">
  <testcase classname="com.karthikbandi.trainingprogram.LoginUsingExcelTest" name="loginTest" time="0.313"/>
  <testcase classname="com.karthikbandi.trainingprogram.LoginUsingExcelTest" name="loginTest" time="0.26"/>
</testsuite> <!-- Default test -->
