<?xml version="1.0" encoding="UTF-8"?>
<testng-results ignored="0" total="2" passed="2" failed="0" skipped="0">
  <reporter-output>
  </reporter-output>
  <suite started-at="2025-08-21T12:43:18 IST" name="Default suite" finished-at="2025-08-21T12:43:48 IST" duration-ms="30076">
    <groups>
    </groups>
    <test started-at="2025-08-21T12:43:18 IST" name="Default test" finished-at="2025-08-21T12:43:48 IST" duration-ms="30076">
      <class name="com.karthikbandi.trainingprogram.LoginUsingExcelTest">
        <test-method is-config="true" signature="setup()[pri:0, instance:com.karthikbandi.trainingprogram.LoginUsingExcelTest@57a78e3]" started-at="2025-08-21T12:43:33 IST" name="setup" finished-at="2025-08-21T12:43:40 IST" duration-ms="7198" status="PASS">
          <reporter-output>
          </reporter-output>
        </test-method> <!-- setup -->
        <test-method signature="loginTest(java.lang.String,java.lang.String)[pri:0, instance:com.karthikbandi.trainingprogram.LoginUsingExcelTest@57a78e3]" started-at="2025-08-21T12:43:40 IST" name="loginTest" data-provider="excelLoginData" finished-at="2025-08-21T12:43:41 IST" duration-ms="313" status="PASS">
          <params>
            <param index="0">
              <value>
                <![CDATA[standard_user]]>
              </value>
            </param>
            <param index="1">
              <value>
                <![CDATA[secret_sauce]]>
              </value>
            </param>
          </params>
          <reporter-output>
          </reporter-output>
        </test-method> <!-- loginTest -->
        <test-method is-config="true" signature="tearDown()[pri:0, instance:com.karthikbandi.trainingprogram.LoginUsingExcelTest@57a78e3]" started-at="2025-08-21T12:43:41 IST" name="tearDown" finished-at="2025-08-21T12:43:43 IST" duration-ms="1963" status="PASS">
          <reporter-output>
          </reporter-output>
        </test-method> <!-- tearDown -->
        <test-method is-config="true" signature="setup()[pri:0, instance:com.karthikbandi.trainingprogram.LoginUsingExcelTest@57a78e3]" started-at="2025-08-21T12:43:43 IST" name="setup" finished-at="2025-08-21T12:43:47 IST" duration-ms="4166" status="PASS">
          <reporter-output>
          </reporter-output>
        </test-method> <!-- setup -->
        <test-method signature="loginTest(java.lang.String,java.lang.String)[pri:0, instance:com.karthikbandi.trainingprogram.LoginUsingExcelTest@57a78e3]" started-at="2025-08-21T12:43:47 IST" name="loginTest" data-provider="excelLoginData" finished-at="2025-08-21T12:43:47 IST" duration-ms="260" status="PASS">
          <params>
            <param index="0">
              <value>
                <![CDATA[invalid_user]]>
              </value>
            </param>
            <param index="1">
              <value>
                <![CDATA[secret_sauce]]>
              </value>
            </param>
          </params>
          <reporter-output>
          </reporter-output>
        </test-method> <!-- loginTest -->
        <test-method is-config="true" signature="tearDown()[pri:0, instance:com.karthikbandi.trainingprogram.LoginUsingExcelTest@57a78e3]" started-at="2025-08-21T12:43:47 IST" name="tearDown" finished-at="2025-08-21T12:43:48 IST" duration-ms="997" status="PASS">
          <reporter-output>
          </reporter-output>
        </test-method> <!-- tearDown -->
      </class> <!-- com.karthikbandi.trainingprogram.LoginUsingExcelTest -->
    </test> <!-- Default test -->
  </suite> <!-- Default suite -->
</testng-results>
